{"/Users/lakshminarasimhanraghavan/Downloads/qa-challenge-application/index.js": {"path":"/Users/lakshminarasimhanraghavan/Downloads/qa-challenge-application/index.js","statementMap":{"0":{"start":{"line":1,"column":16},"end":{"line":1,"column":34}},"1":{"start":{"line":2,"column":12},"end":{"line":2,"column":38}},"2":{"start":{"line":3,"column":11},"end":{"line":3,"column":24}},"3":{"start":{"line":4,"column":15},"end":{"line":4,"column":32}},"4":{"start":{"line":5,"column":15},"end":{"line":5,"column":41}},"5":{"start":{"line":7,"column":0},"end":{"line":7,"column":63}},"6":{"start":{"line":7,"column":27},"end":{"line":7,"column":63}},"7":{"start":{"line":8,"column":0},"end":{"line":8,"column":66}},"8":{"start":{"line":8,"column":44},"end":{"line":8,"column":66}},"9":{"start":{"line":10,"column":0},"end":{"line":10,"column":23}},"10":{"start":{"line":12,"column":0},"end":{"line":26,"column":2}},"11":{"start":{"line":13,"column":2},"end":{"line":25,"column":3}},"12":{"start":{"line":14,"column":24},"end":{"line":14,"column":57}},"13":{"start":{"line":15,"column":4},"end":{"line":15,"column":61}},"14":{"start":{"line":18,"column":4},"end":{"line":24,"column":5}},"15":{"start":{"line":19,"column":6},"end":{"line":19,"column":93}},"16":{"start":{"line":20,"column":6},"end":{"line":20,"column":46}},"17":{"start":{"line":23,"column":6},"end":{"line":23,"column":26}},"18":{"start":{"line":28,"column":0},"end":{"line":36,"column":1}},"19":{"start":{"line":29,"column":2},"end":{"line":29,"column":84}},"20":{"start":{"line":31,"column":17},"end":{"line":35,"column":4}},"21":{"start":{"line":32,"column":17},"end":{"line":32,"column":41}},"22":{"start":{"line":33,"column":17},"end":{"line":33,"column":38}},"23":{"start":{"line":34,"column":4},"end":{"line":34,"column":82}}},"fnMap":{"0":{"name":"(anonymous_0)","decl":{"start":{"line":12,"column":15},"end":{"line":12,"column":16}},"loc":{"start":{"line":12,"column":29},"end":{"line":26,"column":1}},"line":12},"1":{"name":"(anonymous_1)","decl":{"start":{"line":31,"column":47},"end":{"line":31,"column":48}},"loc":{"start":{"line":31,"column":53},"end":{"line":35,"column":3}},"line":31}},"branchMap":{"0":{"loc":{"start":{"line":7,"column":0},"end":{"line":7,"column":63}},"type":"if","locations":[{"start":{"line":7,"column":0},"end":{"line":7,"column":63}},{"start":{},"end":{}}],"line":7},"1":{"loc":{"start":{"line":8,"column":0},"end":{"line":8,"column":66}},"type":"if","locations":[{"start":{"line":8,"column":0},"end":{"line":8,"column":66}},{"start":{},"end":{}}],"line":8},"2":{"loc":{"start":{"line":18,"column":4},"end":{"line":24,"column":5}},"type":"if","locations":[{"start":{"line":18,"column":4},"end":{"line":24,"column":5}},{"start":{"line":22,"column":9},"end":{"line":24,"column":5}}],"line":18},"3":{"loc":{"start":{"line":28,"column":0},"end":{"line":36,"column":1}},"type":"if","locations":[{"start":{"line":28,"column":0},"end":{"line":36,"column":1}},{"start":{},"end":{}}],"line":28}},"s":{"0":2,"1":2,"2":2,"3":2,"4":2,"5":2,"6":0,"7":2,"8":0,"9":2,"10":2,"11":2,"12":2,"13":2,"14":0,"15":0,"16":0,"17":0,"18":2,"19":0,"20":0,"21":0,"22":0,"23":0},"f":{"0":2,"1":0},"b":{"0":[0,2],"1":[0,2],"2":[0,0],"3":[0,2]},"_coverageSchema":"1a1c01bbd47fc00a2c39e90264f33305004495a9","hash":"3a61f6aa6789e6e889d7c083d7a3c5abc10276b9"}
,"/Users/lakshminarasimhanraghavan/Downloads/qa-challenge-application/lib/dates.js": {"path":"/Users/lakshminarasimhanraghavan/Downloads/qa-challenge-application/lib/dates.js","statementMap":{"0":{"start":{"line":17,"column":17},"end":{"line":17,"column":41}},"1":{"start":{"line":18,"column":17},"end":{"line":18,"column":31}},"2":{"start":{"line":19,"column":19},"end":{"line":19,"column":35}},"3":{"start":{"line":22,"column":2},"end":{"line":22,"column":50}},"4":{"start":{"line":22,"column":27},"end":{"line":22,"column":49}},"5":{"start":{"line":32,"column":2},"end":{"line":32,"column":49}},"6":{"start":{"line":42,"column":2},"end":{"line":42,"column":24}},"7":{"start":{"line":43,"column":2},"end":{"line":43,"column":33}},"8":{"start":{"line":53,"column":0},"end":{"line":66,"column":1}},"9":{"start":{"line":54,"column":20},"end":{"line":54,"column":21}},"10":{"start":{"line":55,"column":18},"end":{"line":55,"column":23}},"11":{"start":{"line":56,"column":20},"end":{"line":56,"column":21}},"12":{"start":{"line":57,"column":10},"end":{"line":57,"column":11}},"13":{"start":{"line":59,"column":2},"end":{"line":63,"column":3}},"14":{"start":{"line":60,"column":14},"end":{"line":60,"column":41}},"15":{"start":{"line":61,"column":4},"end":{"line":61,"column":115}},"16":{"start":{"line":61,"column":101},"end":{"line":61,"column":115}},"17":{"start":{"line":62,"column":4},"end":{"line":62,"column":7}},"18":{"start":{"line":65,"column":2},"end":{"line":65,"column":46}},"19":{"start":{"line":74,"column":0},"end":{"line":77,"column":1}},"20":{"start":{"line":75,"column":14},"end":{"line":75,"column":36}},"21":{"start":{"line":76,"column":2},"end":{"line":76,"column":58}}},"fnMap":{"0":{"name":"toDateTime","decl":{"start":{"line":21,"column":9},"end":{"line":21,"column":19}},"loc":{"start":{"line":21,"column":27},"end":{"line":23,"column":1}},"line":21},"1":{"name":"(anonymous_1)","decl":{"start":{"line":22,"column":19},"end":{"line":22,"column":20}},"loc":{"start":{"line":22,"column":27},"end":{"line":22,"column":49}},"line":22},"2":{"name":"isWeekendDay","decl":{"start":{"line":31,"column":9},"end":{"line":31,"column":21}},"loc":{"start":{"line":31,"column":28},"end":{"line":33,"column":1}},"line":31},"3":{"name":"isHolidayDay","decl":{"start":{"line":41,"column":9},"end":{"line":41,"column":21}},"loc":{"start":{"line":41,"column":37},"end":{"line":44,"column":1}},"line":41},"4":{"name":"(anonymous_4)","decl":{"start":{"line":53,"column":24},"end":{"line":53,"column":25}},"loc":{"start":{"line":53,"column":57},"end":{"line":66,"column":1}},"line":53},"5":{"name":"(anonymous_5)","decl":{"start":{"line":74,"column":24},"end":{"line":74,"column":25}},"loc":{"start":{"line":74,"column":43},"end":{"line":77,"column":1}},"line":74}},"branchMap":{"0":{"loc":{"start":{"line":32,"column":9},"end":{"line":32,"column":49}},"type":"binary-expr","locations":[{"start":{"line":32,"column":9},"end":{"line":32,"column":27}},{"start":{"line":32,"column":31},"end":{"line":32,"column":49}}],"line":32},"1":{"loc":{"start":{"line":61,"column":4},"end":{"line":61,"column":115}},"type":"if","locations":[{"start":{"line":61,"column":4},"end":{"line":61,"column":115}},{"start":{},"end":{}}],"line":61},"2":{"loc":{"start":{"line":61,"column":8},"end":{"line":61,"column":99}},"type":"binary-expr","locations":[{"start":{"line":61,"column":8},"end":{"line":61,"column":25}},{"start":{"line":61,"column":30},"end":{"line":61,"column":46}},{"start":{"line":61,"column":51},"end":{"line":61,"column":77}},{"start":{"line":61,"column":82},"end":{"line":61,"column":98}}],"line":61},"3":{"loc":{"start":{"line":76,"column":9},"end":{"line":76,"column":58}},"type":"binary-expr","locations":[{"start":{"line":76,"column":9},"end":{"line":76,"column":27}},{"start":{"line":76,"column":31},"end":{"line":76,"column":58}}],"line":76}},"s":{"0":2,"1":2,"2":2,"3":0,"4":0,"5":21,"6":16,"7":16,"8":2,"9":5,"10":5,"11":5,"12":5,"13":5,"14":19,"15":19,"16":4,"17":19,"18":5,"19":2,"20":2,"21":2},"f":{"0":0,"1":0,"2":21,"3":16,"4":5,"5":2},"b":{"0":[21,19],"1":[4,15],"2":[19,4,15,0],"3":[2,1]},"_coverageSchema":"1a1c01bbd47fc00a2c39e90264f33305004495a9","hash":"59993af09b4fb17c72c76c5a69a62f8e0a0362a1"}
,"/Users/lakshminarasimhanraghavan/Downloads/qa-challenge-application/routes/business_dates.js": {"path":"/Users/lakshminarasimhanraghavan/Downloads/qa-challenge-application/routes/business_dates.js","statementMap":{"0":{"start":{"line":8,"column":14},"end":{"line":8,"column":37}},"1":{"start":{"line":9,"column":16},"end":{"line":9,"column":34}},"2":{"start":{"line":10,"column":20},"end":{"line":10,"column":36}},"3":{"start":{"line":11,"column":15},"end":{"line":14,"column":1}},"4":{"start":{"line":15,"column":15},"end":{"line":15,"column":28}},"5":{"start":{"line":30,"column":16},"end":{"line":30,"column":41}},"6":{"start":{"line":31,"column":22},"end":{"line":31,"column":61}},"7":{"start":{"line":32,"column":22},"end":{"line":32,"column":88}},"8":{"start":{"line":33,"column":23},"end":{"line":33,"column":118}},"9":{"start":{"line":35,"column":2},"end":{"line":44,"column":4}},"10":{"start":{"line":56,"column":2},"end":{"line":57,"column":74}},"11":{"start":{"line":57,"column":4},"end":{"line":57,"column":74}},"12":{"start":{"line":59,"column":2},"end":{"line":59,"column":95}},"13":{"start":{"line":62,"column":0},"end":{"line":64,"column":21}},"14":{"start":{"line":66,"column":0},"end":{"line":68,"column":25}}},"fnMap":{"0":{"name":"getSettlementDate","decl":{"start":{"line":29,"column":9},"end":{"line":29,"column":26}},"loc":{"start":{"line":29,"column":37},"end":{"line":45,"column":1}},"line":29},"1":{"name":"isBusinessDay","decl":{"start":{"line":55,"column":9},"end":{"line":55,"column":22}},"loc":{"start":{"line":55,"column":33},"end":{"line":60,"column":1}},"line":55}},"branchMap":{"0":{"loc":{"start":{"line":32,"column":62},"end":{"line":32,"column":87}},"type":"binary-expr","locations":[{"start":{"line":32,"column":62},"end":{"line":32,"column":79}},{"start":{"line":32,"column":83},"end":{"line":32,"column":87}}],"line":32},"1":{"loc":{"start":{"line":56,"column":2},"end":{"line":57,"column":74}},"type":"if","locations":[{"start":{"line":56,"column":2},"end":{"line":57,"column":74}},{"start":{},"end":{}}],"line":56},"2":{"loc":{"start":{"line":59,"column":67},"end":{"line":59,"column":92}},"type":"binary-expr","locations":[{"start":{"line":59,"column":67},"end":{"line":59,"column":84}},{"start":{"line":59,"column":88},"end":{"line":59,"column":92}}],"line":59}},"s":{"0":2,"1":2,"2":2,"3":2,"4":2,"5":5,"6":5,"7":5,"8":5,"9":4,"10":3,"11":1,"12":2,"13":2,"14":2},"f":{"0":5,"1":3},"b":{"0":[5,4],"1":[1,2],"2":[2,0]},"_coverageSchema":"1a1c01bbd47fc00a2c39e90264f33305004495a9","hash":"44b7cc5659457144a93ec69dc13982813eaad3e1"}
}
