TN:
SF:index.js
FN:12,(anonymous_0)
FN:31,(anonymous_1)
FNF:2
FNH:1
FNDA:2,(anonymous_0)
FNDA:0,(anonymous_1)
DA:1,2
DA:2,2
DA:3,2
DA:4,2
DA:5,2
DA:7,2
DA:8,2
DA:10,2
DA:12,2
DA:13,2
DA:14,2
DA:15,2
DA:18,0
DA:19,0
DA:20,0
DA:23,0
DA:28,2
DA:29,0
DA:31,0
DA:32,0
DA:33,0
DA:34,0
LF:22
LH:13
BRDA:7,0,0,0
BRDA:7,0,1,2
BRDA:8,1,0,0
BRDA:8,1,1,2
BRDA:18,2,0,0
BRDA:18,2,1,0
BRDA:28,3,0,0
BRDA:28,3,1,2
BRF:8
BRH:3
end_of_record
TN:
SF:lib/dates.js
FN:21,toDateTime
FN:22,(anonymous_1)
FN:31,isWeekendDay
FN:41,isHolidayDay
FN:53,(anonymous_4)
FN:74,(anonymous_5)
FNF:6
FNH:4
FNDA:0,toDateTime
FNDA:0,(anonymous_1)
FNDA:21,isWeekendDay
FNDA:16,isHolidayDay
FNDA:5,(anonymous_4)
FNDA:2,(anonymous_5)
DA:17,2
DA:18,2
DA:19,2
DA:22,0
DA:32,21
DA:42,16
DA:43,16
DA:53,2
DA:54,5
DA:55,5
DA:56,5
DA:57,5
DA:59,5
DA:60,19
DA:61,19
DA:62,19
DA:65,5
DA:74,2
DA:75,2
DA:76,2
LF:20
LH:19
BRDA:32,0,0,21
BRDA:32,0,1,19
BRDA:61,1,0,4
BRDA:61,1,1,15
BRDA:61,2,0,19
BRDA:61,2,1,4
BRDA:61,2,2,15
BRDA:61,2,3,0
BRDA:76,3,0,2
BRDA:76,3,1,1
BRF:10
BRH:9
end_of_record
TN:
SF:routes/business_dates.js
FN:29,getSettlementDate
FN:55,isBusinessDay
FNF:2
FNH:2
FNDA:5,getSettlementDate
FNDA:3,isBusinessDay
DA:8,2
DA:9,2
DA:10,2
DA:11,2
DA:15,2
DA:30,5
DA:31,5
DA:32,5
DA:33,5
DA:35,4
DA:56,3
DA:57,1
DA:59,2
DA:62,2
DA:66,2
LF:15
LH:15
BRDA:32,0,0,5
BRDA:32,0,1,4
BRDA:56,1,0,1
BRDA:56,1,1,2
BRDA:59,2,0,2
BRDA:59,2,1,0
BRF:6
BRH:5
end_of_record
